drwxrwxrwt        110,592 2023/02/28 02:44:35 .
-r--r--r--             11 2023/02/20 05:14:59 .X1024-lock
-r--r--r--             11 2023/02/20 05:14:59 .X1025-lock
-rw-------          4,646 2023/02/21 10:20:52 .com.google.Chrome.lRmrxf
-rw-------          1,351 2023/02/21 19:22:41 .com.google.Chrome.u0RPao
-rw-------          4,646 2023/02/21 18:12:25 .com.google.Chrome.wB8SlU
-rw-------          4,646 2023/02/22 09:24:38 .com.google.Chrome.xAaOmr
-rw-rw-r--         26,588 2023/02/20 05:53:17 MyLanguage0.zip
-rw-rw-r--              8 2023/02/20 05:24:59 NCfQyS.aux
-rw-rw-r--         43,183 2023/02/20 05:24:59 NCfQyS.log
-rw-r--r--              2 2023/02/28 00:56:10 PmMessagesPort_in
prw-------              0 2023/02/28 00:57:36 PmMessagesPort_out
-rw-rw-r--              8 2023/02/21 19:19:26 dIPUQo.aux
-rw-rw-r--         43,183 2023/02/21 19:19:26 dIPUQo.log
prw-------              0 2023/02/28 00:57:36 dlm_message_server_in
prw-------              0 2023/02/28 00:57:36 dlm_message_server_out
-rw-------              0 2023/02/20 05:15:10 gdm3-config-err-5fce8s
-rw-rw-r--         11,720 2023/02/26 23:39:15 nbbackup2719939204857476864.tmp
-rw-rw-r--          2,778 2023/02/20 18:20:38 output1676913638454
-rw-rw-r--          1,640 2023/02/20 19:01:58 output1676913638804
-rw-rw-r--          1,470 2023/02/20 18:29:40 output1676914180848
-rw-rw-r--          2,436 2023/02/20 19:08:30 output1676916509924
-rw-rw-r--          2,716 2023/02/20 19:09:27 output1676916567165
-rw-rw-r--          1,868 2023/02/20 19:09:44 output1676916583756
-rw-rw-r--          4,614 2023/02/21 15:33:11 output1676989945639
-rw-rw-r--         15,430 2023/02/21 20:44:51 output1677008360832
-rw-rw-r--          2,866 2023/02/28 02:44:06 output1677548574553
-rw-rw-r--            512 2023/02/28 02:44:46 output1677548675622
-rw-rw-r--              0 2023/02/20 05:16:01 qtsingleapp-TeXstu-b5f2-3e8-lockfile
-rw-------    145,021,800 2023/02/22 21:37:34 siril_swp-0IG501
-rw-------    145,021,800 2023/02/22 21:37:15 siril_swp-G5PJ01
-rw-------    145,021,800 2023/02/22 21:37:44 siril_swp-IHCJ01
-rw-------              0 2023/02/20 05:15:18 tmp33e9txuk
-rw-------              0 2023/02/25 22:00:29 tmp3sjnmluh
-rw-------              0 2023/02/25 22:00:29 tmp7qv4g9pe
-rw-------              0 2023/02/24 09:11:29 tmpl1u5ohq3
-rw-------              0 2023/02/22 21:49:49 tmpl8bci_th
-rw-------              0 2023/02/22 21:49:49 tmpltl7c5g4
-rw-------              0 2023/02/21 15:41:19 tmpq96257v3
-rw-------              0 2023/02/27 10:35:45 tmpqjnbr1q0
-rw-------              0 2023/02/27 10:35:45 tmpsz67xdt5
-rw-------              0 2023/02/20 05:15:17 tmpt7ppcjc0
-rw-------              0 2023/02/21 15:41:18 tmptfou3ja7
-rw-------              0 2023/02/24 09:11:30 tmpxntltoyy
-rw-rw-r--          2,854 2023/02/21 18:31:11 uigesture9150200989084755815.html
drwxrwxrwt          4,096 2023/02/20 05:15:10 .ICE-unix
srwxrwxrwx              0 2023/02/20 05:14:58 .ICE-unix/1751
srwxrwxrwx              0 2023/02/20 05:15:10 .ICE-unix/3029
drwxrwxrwt          4,096 2023/02/20 05:14:56 .Test-unix
drwxrwxrwt          4,096 2023/02/20 05:15:09 .X11-unix
srwxrwxrwx              0 2023/02/20 05:15:09 .X11-unix/X0
srwxrwxr-x              0 2023/02/20 05:14:59 .X11-unix/X1024
srwxrwxr-x              0 2023/02/20 05:14:59 .X11-unix/X1025
drwxrwxrwt          4,096 2023/02/20 05:14:56 .XIM-unix
drwx------          4,096 2023/02/27 02:01:24 .com.google.Chrome.4y0RgW
lrwxrwxrwx             20 2023/02/27 02:01:24 .com.google.Chrome.4y0RgW/SingletonCookie
srwxrwxr-x              0 2023/02/27 02:01:24 .com.google.Chrome.4y0RgW/SingletonSocket
drwx------          4,096 2023/02/21 18:10:27 .com.google.Chrome.5qurDa
-rw-rw-r--         12,060 2023/02/21 18:10:27 .com.google.Chrome.5qurDa/status_icon_0.png
drwx------          4,096 2023/02/21 19:23:50 .com.google.Chrome.FUVxtw
-rw-rw-r--         12,060 2023/02/21 19:23:50 .com.google.Chrome.FUVxtw/status_icon_0.png
drwx------          4,096 2023/02/21 19:53:14 .com.google.Chrome.FvsE4G
lrwxrwxrwx             20 2023/02/21 19:53:14 .com.google.Chrome.FvsE4G/SingletonCookie
srwxrwxr-x              0 2023/02/21 19:53:14 .com.google.Chrome.FvsE4G/SingletonSocket
drwx------          4,096 2023/02/21 11:20:13 .com.google.Chrome.Gq80ZS
lrwxrwxrwx             19 2023/02/21 11:20:13 .com.google.Chrome.Gq80ZS/SingletonCookie
srwxrwxr-x              0 2023/02/21 11:20:13 .com.google.Chrome.Gq80ZS/SingletonSocket
drwx------          4,096 2023/02/23 07:37:56 .com.google.Chrome.S2FHfb
lrwxrwxrwx             19 2023/02/23 07:37:56 .com.google.Chrome.S2FHfb/SingletonCookie
srwxrwxr-x              0 2023/02/23 07:37:56 .com.google.Chrome.S2FHfb/SingletonSocket
drwx------          4,096 2023/02/21 18:10:27 .com.google.Chrome.SRX65K
lrwxrwxrwx             19 2023/02/21 18:10:27 .com.google.Chrome.SRX65K/SingletonCookie
srwxrwxr-x              0 2023/02/21 18:10:27 .com.google.Chrome.SRX65K/SingletonSocket
drwx------          4,096 2023/02/21 19:23:50 .com.google.Chrome.T4KHZD
lrwxrwxrwx             20 2023/02/21 19:23:50 .com.google.Chrome.T4KHZD/SingletonCookie
srwxrwxr-x              0 2023/02/21 19:23:50 .com.google.Chrome.T4KHZD/SingletonSocket
drwx------          4,096 2023/02/23 07:37:57 .com.google.Chrome.TL95Q4
-rw-rw-r--         12,060 2023/02/23 07:37:57 .com.google.Chrome.TL95Q4/status_icon_0.png
drwx------          4,096 2023/02/21 19:53:15 .com.google.Chrome.V9kxDA
-rw-rw-r--         12,060 2023/02/21 19:53:15 .com.google.Chrome.V9kxDA/status_icon_0.png
drwx------          4,096 2023/02/27 02:01:25 .com.google.Chrome.cylPDW
-rw-rw-r--         12,060 2023/02/27 02:01:25 .com.google.Chrome.cylPDW/status_icon_0.png
drwx------          4,096 2023/02/21 11:20:13 .com.google.Chrome.lQT2c9
-rw-rw-r--         12,060 2023/02/21 11:20:13 .com.google.Chrome.lQT2c9/status_icon_0.png
drwx------          4,096 2023/02/20 05:15:50 .com.google.Chrome.lxDrtU
lrwxrwxrwx             20 2023/02/20 05:15:50 .com.google.Chrome.lxDrtU/SingletonCookie
srwxrwxr-x              0 2023/02/20 05:15:50 .com.google.Chrome.lxDrtU/SingletonSocket
drwx------          4,096 2023/02/23 07:06:53 .com.google.Chrome.mRJHns
lrwxrwxrwx             19 2023/02/23 07:06:53 .com.google.Chrome.mRJHns/SingletonCookie
srwxrwxr-x              0 2023/02/23 07:06:53 .com.google.Chrome.mRJHns/SingletonSocket
drwx------          4,096 2023/02/20 05:15:50 .com.google.Chrome.nItQBO
-rw-rw-r--         12,060 2023/02/20 05:15:50 .com.google.Chrome.nItQBO/status_icon_0.png
drwx------          4,096 2023/02/23 07:06:53 .com.google.Chrome.psV4fh
-rw-rw-r--         12,060 2023/02/23 07:06:53 .com.google.Chrome.psV4fh/status_icon_0.png
drwx------          4,096 2023/02/27 02:25:56 .com.google.Chrome.wnmD0B
-rw-rw-r--         12,060 2023/02/27 02:25:56 .com.google.Chrome.wnmD0B/status_icon_0.png
drwx------          4,096 2023/02/27 02:25:56 .com.google.Chrome.yI2vZw
lrwxrwxrwx             19 2023/02/27 02:25:56 .com.google.Chrome.yI2vZw/SingletonCookie
srwxrwxr-x              0 2023/02/27 02:25:56 .com.google.Chrome.yI2vZw/SingletonSocket
drwxrwxr-x          4,096 2023/02/21 23:42:11 .dropbox-dist-new-onry5swu
drwxrwxrwt          4,096 2023/02/20 05:14:56 .font-unix
drwxr-xr-x              0 2022/09/02 12:41:53 .mount_Siril-AqNX2A
drwxr-xr-x              0 2022/09/02 12:41:53 .mount_Siril-KKQ3xd
drwxr-xr-x              0 2022/09/02 12:41:53 .mount_Siril-ZhGYla
drwxrwxr-x          4,096 2023/02/25 12:01:02 dlight_lcv
drwxrwxr-x          4,096 2023/02/25 12:19:27 dlight_lcv/8b902727
-rw-rw-r--             48 2023/02/21 12:11:33 dlight_lcv/8b902727/sendto.1570079854.13120089595945907978
-rw-rw-r--             48 2023/02/25 12:19:27 dlight_lcv/8b902727/sendto.1570079854.3068501449846166649
-rw-rw-r--             55 2023/02/25 12:19:27 dlight_lcv/8b902727/sendto.1678152327.3895533737720631550
-rw-rw-r--             55 2023/02/21 12:11:33 dlight_lcv/8b902727/sendto.1678152327.9769222941730051152
-rw-rw-r--             39 2023/02/25 12:19:27 dlight_lcv/8b902727/sendto.1789076036.13943122384279544415
-rw-rw-r--             39 2023/02/21 12:11:33 dlight_lcv/8b902727/sendto.1789076036.5391764125585978075
-rw-rw-r--            111 2023/02/25 12:19:27 dlight_lcv/8b902727/sendto.596765398.14009787293416616136
-rw-rw-r--            111 2023/02/21 12:11:33 dlight_lcv/8b902727/sendto.596765398.290925145822303743
-rw-rw-r--             48 2023/02/21 12:11:33 dlight_lcv/8b902727/sendto.720080985.12359294911521345741
-rw-rw-r--             48 2023/02/25 12:19:27 dlight_lcv/8b902727/sendto.720080985.17422350615978284399
drwxrwxr-x          4,096 2023/02/25 12:01:02 dlight_lcv/8b902727/0804929892
-rwxrw-r--         23,280 2023/02/25 12:01:02 dlight_lcv/8b902727/0804929892/pty
drwxrwxr-x          4,096 2023/02/24 14:12:42 dlight_lcv/c03c749
-rw-rw-r--             48 2023/02/20 18:44:30 dlight_lcv/c03c749/sendto.1570079854.13504232690533757656
-rw-rw-r--             55 2023/02/20 18:44:30 dlight_lcv/c03c749/sendto.1678152327.5563515402715201268
-rw-rw-r--             39 2023/02/20 18:44:30 dlight_lcv/c03c749/sendto.1789076036.17116483440742457655
-rw-rw-r--            111 2023/02/20 18:44:30 dlight_lcv/c03c749/sendto.596765398.16744020564887608911
-rw-rw-r--             48 2023/02/20 18:44:30 dlight_lcv/c03c749/sendto.720080985.2486038535405923201
drwxrwxr-x          4,096 2023/02/22 10:43:00 dlight_lcv/c03c749/01813743410
-rwxrw-r--         11,065 2023/02/22 10:43:00 dlight_lcv/c03c749/01813743410/killall
drwxrwxr-x          4,096 2023/02/22 09:31:50 dlight_lcv/c03c749/0804929892
-rwxrw-r--         23,280 2023/02/22 09:31:50 dlight_lcv/c03c749/0804929892/pty
drwxrwxr-x          4,096 2023/02/21 09:03:10 gimp
drwxrwxr-x          4,096 2023/02/21 09:03:10 gimp/2.10
drwxr-xr-x          4,096 2023/02/28 02:44:35 hsperfdata_lcv
-rw-------         32,768 2023/02/28 02:44:34 hsperfdata_lcv/282597
-rw-------         32,768 2023/02/28 02:44:35 hsperfdata_lcv/507494
drwxr-xr-x          4,096 2023/02/21 20:31:08 hsperfdata_root
-rw-------         32,768 2023/02/28 02:44:44 hsperfdata_root/112126
drwxrwxr-x          4,096 2023/02/26 21:48:55 jarfscachelcv
-rw-rw-r--        193,341 2023/02/28 01:19:48 jarfscachelcv/f213737415e143184881
-rw-rw-r--        110,638 2023/02/26 12:11:53 jarfscachelcv/f213737415e1659027763
-rw-rw-r--        147,668 2023/02/27 00:03:10 jarfscachelcv/f213737415e1721255665
-rw-rw-r--        166,280 2023/02/26 12:12:11 jarfscachelcv/f213737415e20315518
-rw-rw-r--        154,350 2023/02/26 22:31:05 jarfscachelcv/f213737415e384904737
-rw-rw-r--        100,700 2023/02/25 13:21:14 jarfscachelcv/f213737415e678145945
-rw-rw-r--        107,150 2023/02/25 23:05:55 jarfscachelcv/f213737415e819080402
-rw-rw-r--        132,461 2023/02/28 02:43:05 jarfscachelcv/f213737415e895181305
-rw-rw-r--        389,970 2023/02/26 23:36:13 jarfscachelcv/f213737415ex1137121262
-rw-rw-r--        214,732 2023/02/28 01:19:47 jarfscachelcv/f213737415ex1633873324
-rw-rw-r--        193,822 2023/02/27 00:10:25 jarfscachelcv/f213737415ex1651782898
-rw-rw-r--        118,027 2023/02/26 07:31:18 jarfscachelcv/f213737415ex2111691356
-rw-rw-r--        115,213 2023/02/26 13:49:46 jarfscachelcv/f213737415ex353460894
drwx------          4,096 2023/02/24 10:38:58 pid-178343
-r--------      2,844,622 2023/02/24 10:38:58 pid-178343/IMG_1017.jpg
drwx------          4,096 2023/02/22 19:24:36 snap-private-tmp
drwx------          4,096 2023/02/20 05:14:57 systemd-private-e0dd4209c1f24381bdc7c0fdf9915cfd-ModemManager.service-N5uZLE
drwx------          4,096 2023/02/20 05:14:57 systemd-private-e0dd4209c1f24381bdc7c0fdf9915cfd-bluetooth.service-AKt2qv
drwx------          4,096 2023/02/20 05:14:58 systemd-private-e0dd4209c1f24381bdc7c0fdf9915cfd-colord.service-W0yf5v
drwx------          4,096 2023/02/28 01:32:21 systemd-private-e0dd4209c1f24381bdc7c0fdf9915cfd-fwupd.service-2WZutr
drwx------          4,096 2023/02/20 05:14:57 systemd-private-e0dd4209c1f24381bdc7c0fdf9915cfd-power-profiles-daemon.service-FYcU5q
drwx------          4,096 2023/02/20 05:14:57 systemd-private-e0dd4209c1f24381bdc7c0fdf9915cfd-switcheroo-control.service-RzJ4lF
drwx------          4,096 2023/02/20 05:14:57 systemd-private-e0dd4209c1f24381bdc7c0fdf9915cfd-systemd-logind.service-6Vw2RZ
drwx------          4,096 2023/02/20 05:14:56 systemd-private-e0dd4209c1f24381bdc7c0fdf9915cfd-systemd-oomd.service-2100yC
drwx------          4,096 2023/02/20 05:14:56 systemd-private-e0dd4209c1f24381bdc7c0fdf9915cfd-systemd-resolved.service-YSftyf
drwx------          4,096 2023/02/20 05:14:56 systemd-private-e0dd4209c1f24381bdc7c0fdf9915cfd-systemd-timesyncd.service-0zF6Q8
drwx------          4,096 2023/02/20 05:14:58 systemd-private-e0dd4209c1f24381bdc7c0fdf9915cfd-upower.service-70sz85
drwx------          4,096 2023/02/27 21:45:04 tracker-extract-3-files.1000
drwx------          4,096 2023/02/20 05:14:59 tracker-extract-3-files.125
drwxrwxr-x          4,096 2023/02/20 19:07:57 vcs-1676908332395
drwxrwxr-x          4,096 2023/02/21 20:43:11 vcs-1676975667446
drwxrwxr-x          4,096 2023/02/28 02:44:06 vcs-1677322862304
drwxrwxr-x          4,096 2023/02/26 22:05:13 vcs-1677414729312
drwxrwxr-x          4,096 2023/02/26 13:32:09 vcs-1677414729312/vcs-1677414729312
-rw-rw-r--          4,064 2023/02/26 13:32:09 vcs-1677414729312/vcs-1677414729312/FileRecord.java
drwxrwxr-x          4,096 2023/02/26 22:05:13 vcs-1677414729312/vcs-1677445513683
-rw-rw-r--         10,449 2023/02/26 22:05:13 vcs-1677414729312/vcs-1677445513683/LARVABackup.java
